

Example 1

Parameters:
numSteps:        100
Quality Factor:  10
Corrections:     2

Serial Max Abs Error    = 6.188679e-04
Parallel Max Abs Error  = 6.149600e-03
Serial Mean Abs Error    = 2.637442e-04
Parallel Mean Abs Error  = 2.622687e-03
Serial Time:   0.082640 secs
Parallel Time: 5.872348 secs
numSteps,Quality Factor,Corrections,Serial Max Abs Error,Parallel Max Abs Error,Serial Mean Abs Error,Parallel Mean Abs Error, Serial Time, Parallel Time
100, 10, 2, 6.188679e-04, 6.149600e-03, 2.637442e-04, 2.622687e-03, 0.082640, 5.872348


Example 2

Parameters:
numSteps:        100
Quality Factor:  10
Corrections:     2

Serial Max Abs Error    = 3.543941e-03
Parallel Max Abs Error  = 3.706209e-02
Serial Mean Abs Error    = 1.640990e-03
Parallel Mean Abs Error  = 1.719938e-02
Serial Time:   0.095807 secs
Parallel Time: 13.253634 secs
numSteps,Quality Factor,Corrections,Serial Max Abs Error,Parallel Max Abs Error,Serial Mean Abs Error,Parallel Mean Abs Error, Serial Time, Parallel Time
100, 10, 2, 3.543941e-03, 3.706209e-02, 1.640990e-03, 1.719938e-02, 0.095807, 13.253634


Example 1

Parameters:
numSteps:        100
Quality Factor:  50
Corrections:     2

Serial Max Abs Error    = 1.236780e-04
Parallel Max Abs Error  = 6.149600e-03
Serial Mean Abs Error    = 5.270321e-05
Parallel Mean Abs Error  = 2.622687e-03
Serial Time:   0.144870 secs
Parallel Time: 2.524051 secs
numSteps,Quality Factor,Corrections,Serial Max Abs Error,Parallel Max Abs Error,Serial Mean Abs Error,Parallel Mean Abs Error, Serial Time, Parallel Time
100, 50, 2, 1.236780e-04, 6.149600e-03, 5.270321e-05, 2.622687e-03, 0.144870, 2.524051


Example 2

Parameters:
numSteps:        100
Quality Factor:  50
Corrections:     2

Serial Max Abs Error    = 7.060293e-04
Parallel Max Abs Error  = 3.706209e-02
Serial Mean Abs Error    = 3.268672e-04
Parallel Mean Abs Error  = 1.719938e-02
Serial Time:   0.186552 secs
Parallel Time: 5.194865 secs
numSteps,Quality Factor,Corrections,Serial Max Abs Error,Parallel Max Abs Error,Serial Mean Abs Error,Parallel Mean Abs Error, Serial Time, Parallel Time
100, 50, 2, 7.060293e-04, 3.706209e-02, 3.268672e-04, 1.719938e-02, 0.186552, 5.194865


Example 1

Parameters:
numSteps:        100
Quality Factor:  100
Corrections:     2

Serial Max Abs Error    = 6.183302e-05
Parallel Max Abs Error  = 6.149600e-03
Serial Mean Abs Error    = 2.634875e-05
Parallel Mean Abs Error  = 2.622687e-03
Serial Time:   0.144561 secs
Parallel Time: 4.177090 secs
numSteps,Quality Factor,Corrections,Serial Max Abs Error,Parallel Max Abs Error,Serial Mean Abs Error,Parallel Mean Abs Error, Serial Time, Parallel Time
100, 100, 2, 6.183302e-05, 6.149600e-03, 2.634875e-05, 2.622687e-03, 0.144561, 4.177090


Example 2

Parameters:
numSteps:        100
Quality Factor:  100
Corrections:     2

Serial Max Abs Error    = 3.528431e-04
Parallel Max Abs Error  = 3.706209e-02
Serial Mean Abs Error    = 1.633509e-04
Parallel Mean Abs Error  = 1.719938e-02
Serial Time:   0.379339 secs
Parallel Time: 9.783687 secs
numSteps,Quality Factor,Corrections,Serial Max Abs Error,Parallel Max Abs Error,Serial Mean Abs Error,Parallel Mean Abs Error, Serial Time, Parallel Time
100, 100, 2, 3.528431e-04, 3.706209e-02, 1.633509e-04, 1.719938e-02, 0.379339, 9.783687


Example 1

Parameters:
numSteps:        100
Quality Factor:  100
Corrections:     1

Serial Max Abs Error    = 6.183302e-05
Parallel Max Abs Error  = 6.242972e-03
Serial Mean Abs Error    = 2.634875e-05
Parallel Mean Abs Error  = 2.663359e-03
Serial Time:   0.884363 secs
Parallel Time: 0.024045 secs
numSteps,Quality Factor,Corrections,Serial Max Abs Error,Parallel Max Abs Error,Serial Mean Abs Error,Parallel Mean Abs Error, Serial Time, Parallel Time
100, 100, 1, 6.183302e-05, 6.242972e-03, 2.634875e-05, 2.663359e-03, 0.884363, 0.024045


Example 2

Parameters:
numSteps:        100
Quality Factor:  100
Corrections:     1

Serial Max Abs Error    = 3.528431e-04
Parallel Max Abs Error  = 3.706209e-02
Serial Mean Abs Error    = 1.633509e-04
Parallel Mean Abs Error  = 1.720522e-02
Serial Time:   0.304592 secs
Parallel Time: 0.033993 secs
numSteps,Quality Factor,Corrections,Serial Max Abs Error,Parallel Max Abs Error,Serial Mean Abs Error,Parallel Mean Abs Error, Serial Time, Parallel Time
100, 100, 1, 3.528431e-04, 3.706209e-02, 1.633509e-04, 1.720522e-02, 0.304592, 0.033993


Example 1

Parameters:
numSteps:        100
Quality Factor:  100
Corrections:     2

Serial Max Abs Error    = 6.183302e-05
Parallel Max Abs Error  = 6.149600e-03
Serial Mean Abs Error    = 2.634875e-05
Parallel Mean Abs Error  = 2.622687e-03
Serial Time:   0.476075 secs
Parallel Time: 1.524805 secs
numSteps,Quality Factor,Corrections,Serial Max Abs Error,Parallel Max Abs Error,Serial Mean Abs Error,Parallel Mean Abs Error, Serial Time, Parallel Time
100, 100, 2, 6.183302e-05, 6.149600e-03, 2.634875e-05, 2.622687e-03, 0.476075, 1.524805


Example 2

Parameters:
numSteps:        100
Quality Factor:  100
Corrections:     2

Serial Max Abs Error    = 3.528431e-04
Parallel Max Abs Error  = 3.706209e-02
Serial Mean Abs Error    = 1.633509e-04
Parallel Mean Abs Error  = 1.719938e-02
Serial Time:   0.300513 secs
Parallel Time: 2.786015 secs
numSteps,Quality Factor,Corrections,Serial Max Abs Error,Parallel Max Abs Error,Serial Mean Abs Error,Parallel Mean Abs Error, Serial Time, Parallel Time
100, 100, 2, 3.528431e-04, 3.706209e-02, 1.633509e-04, 1.719938e-02, 0.300513, 2.786015


Example 1

Parameters:
numSteps:        100
Quality Factor:  100
Corrections:     5

Serial Max Abs Error    = 6.183302e-05
Parallel Max Abs Error  = 6.242972e-03
Serial Mean Abs Error    = 2.634875e-05
Parallel Mean Abs Error  = 2.663359e-03
Serial Time:   0.138123 secs
Parallel Time: 4.277979 secs
numSteps,Quality Factor,Corrections,Serial Max Abs Error,Parallel Max Abs Error,Serial Mean Abs Error,Parallel Mean Abs Error, Serial Time, Parallel Time
100, 100, 5, 6.183302e-05, 6.242972e-03, 2.634875e-05, 2.663359e-03, 0.138123, 4.277979


Example 2

Parameters:
numSteps:        100
Quality Factor:  100
Corrections:     5

Serial Max Abs Error    = 3.528431e-04
Parallel Max Abs Error  = 3.706209e-02
Serial Mean Abs Error    = 1.633509e-04
Parallel Mean Abs Error  = 1.720522e-02
Serial Time:   0.296380 secs
Parallel Time: 8.982083 secs
numSteps,Quality Factor,Corrections,Serial Max Abs Error,Parallel Max Abs Error,Serial Mean Abs Error,Parallel Mean Abs Error, Serial Time, Parallel Time
100, 100, 5, 3.528431e-04, 3.706209e-02, 1.633509e-04, 1.720522e-02, 0.296380, 8.982083


Example 1

Parameters:
numSteps:        100
Quality Factor:  100
Corrections:     10

Serial Max Abs Error    = 6.183302e-05
Parallel Max Abs Error  = 6.149600e-03
Serial Mean Abs Error    = 2.634875e-05
Parallel Mean Abs Error  = 2.622687e-03
Serial Time:   0.276352 secs
Parallel Time: 9.230153 secs
numSteps,Quality Factor,Corrections,Serial Max Abs Error,Parallel Max Abs Error,Serial Mean Abs Error,Parallel Mean Abs Error, Serial Time, Parallel Time
100, 100, 10, 6.183302e-05, 6.149600e-03, 2.634875e-05, 2.622687e-03, 0.276352, 9.230153


Example 2

Parameters:
numSteps:        100
Quality Factor:  100
Corrections:     10

Serial Max Abs Error    = 3.528431e-04
Parallel Max Abs Error  = 3.706209e-02
Serial Mean Abs Error    = 1.633509e-04
Parallel Mean Abs Error  = 1.719938e-02
Serial Time:   0.315678 secs
Parallel Time: 19.845286 secs
numSteps,Quality Factor,Corrections,Serial Max Abs Error,Parallel Max Abs Error,Serial Mean Abs Error,Parallel Mean Abs Error, Serial Time, Parallel Time
100, 100, 10, 3.528431e-04, 3.706209e-02, 1.633509e-04, 1.719938e-02, 0.315678, 19.845286


Example 1

Parameters:
numSteps:        100
Quality Factor:  100
Corrections:     50

Serial Max Abs Error    = 6.183302e-05
Parallel Max Abs Error  = 6.149600e-03
Serial Mean Abs Error    = 2.634875e-05
Parallel Mean Abs Error  = 2.622687e-03
Serial Time:   0.307629 secs
Parallel Time: 48.117501 secs
numSteps,Quality Factor,Corrections,Serial Max Abs Error,Parallel Max Abs Error,Serial Mean Abs Error,Parallel Mean Abs Error, Serial Time, Parallel Time
100, 100, 50, 6.183302e-05, 6.149600e-03, 2.634875e-05, 2.622687e-03, 0.307629, 48.117501


Example 2

Parameters:
numSteps:        100
Quality Factor:  100
Corrections:     50

Serial Max Abs Error    = 3.528431e-04
Parallel Max Abs Error  = 3.706209e-02
Serial Mean Abs Error    = 1.633509e-04
Parallel Mean Abs Error  = 1.719938e-02
Serial Time:   0.283889 secs
Parallel Time: 105.358575 secs
numSteps,Quality Factor,Corrections,Serial Max Abs Error,Parallel Max Abs Error,Serial Mean Abs Error,Parallel Mean Abs Error, Serial Time, Parallel Time
100, 100, 50, 3.528431e-04, 3.706209e-02, 1.633509e-04, 1.719938e-02, 0.283889, 105.358575


Example 1

Parameters:
numSteps:        100
Quality Factor:  100
Corrections:     100

Serial Max Abs Error    = 6.183302e-05
Parallel Max Abs Error  = 6.149600e-03
Serial Mean Abs Error    = 2.634875e-05
Parallel Mean Abs Error  = 2.622687e-03
Serial Time:   0.518091 secs
Parallel Time: 105.657221 secs
numSteps,Quality Factor,Corrections,Serial Max Abs Error,Parallel Max Abs Error,Serial Mean Abs Error,Parallel Mean Abs Error, Serial Time, Parallel Time
100, 100, 100, 6.183302e-05, 6.149600e-03, 2.634875e-05, 2.622687e-03, 0.518091, 105.657221


Example 2

Parameters:
numSteps:        100
Quality Factor:  100
Corrections:     100

Serial Max Abs Error    = 3.528431e-04
Parallel Max Abs Error  = 3.706209e-02
Serial Mean Abs Error    = 1.633509e-04
Parallel Mean Abs Error  = 1.719938e-02
Serial Time:   0.308455 secs
Parallel Time: 230.499720 secs
numSteps,Quality Factor,Corrections,Serial Max Abs Error,Parallel Max Abs Error,Serial Mean Abs Error,Parallel Mean Abs Error, Serial Time, Parallel Time
100, 100, 100, 3.528431e-04, 3.706209e-02, 1.633509e-04, 1.719938e-02, 0.308455, 230.499720
